<?xml version="1.0" encoding="UTF-8"?>
<testng-results ignored="0" total="6" passed="4" failed="2" skipped="0">
  <reporter-output>
  </reporter-output>
  <suite started-at="2024-11-08T08:14:48 IST" name="textngbasic_suite" finished-at="2024-11-08T08:15:02 IST" duration-ms="13955">
    <groups>
    </groups>
    <test started-at="2024-11-08T08:14:48 IST" name="test1" finished-at="2024-11-08T08:14:55 IST" duration-ms="7116">
      <class name="testngbasics.BasicTestCase1">
        <test-method is-config="true" signature="launchBrowser()[pri:0, instance:testngbasics.BasicTestCase1@1040be71]" started-at="2024-11-08T08:14:48 IST" name="launchBrowser" finished-at="2024-11-08T08:14:53 IST" duration-ms="4581" status="PASS">
          <reporter-output>
          </reporter-output>
        </test-method> <!-- launchBrowser -->
        <test-method signature="verifySignin()[pri:0, instance:testngbasics.BasicTestCase1@1040be71]" started-at="2024-11-08T08:14:53 IST" name="verifySignin" finished-at="2024-11-08T08:14:53 IST" duration-ms="110" status="PASS">
          <reporter-output>
          </reporter-output>
        </test-method> <!-- verifySignin -->
        <test-method is-config="true" signature="launchBrowser()[pri:0, instance:testngbasics.BasicTestCase1@1040be71]" started-at="2024-11-08T08:14:53 IST" name="launchBrowser" finished-at="2024-11-08T08:14:55 IST" duration-ms="2254" status="PASS">
          <reporter-output>
          </reporter-output>
        </test-method> <!-- launchBrowser -->
        <test-method signature="verifyTabtitle()[pri:0, instance:testngbasics.BasicTestCase1@1040be71]" started-at="2024-11-08T08:14:55 IST" name="verifyTabtitle" finished-at="2024-11-08T08:14:55 IST" duration-ms="31" status="FAIL">
          <exception class="java.lang.AssertionError">
            <message>
              <![CDATA[expected [Online Shopping site in India: Shop Online for Mobiles, Books, Watches, Shoes and More - Amazon.in] but found [Amazon.in]]]>
            </message>
            <full-stacktrace>
              <![CDATA[java.lang.AssertionError: expected [Online Shopping site in India: Shop Online for Mobiles, Books, Watches, Shoes and More - Amazon.in] but found [Amazon.in]
at org.testng.Assert.fail(Assert.java:111)
at org.testng.Assert.failNotEquals(Assert.java:1578)
at org.testng.Assert.assertEqualsImpl(Assert.java:150)
at org.testng.Assert.assertEquals(Assert.java:132)
at org.testng.Assert.assertEquals(Assert.java:656)
at org.testng.Assert.assertEquals(Assert.java:666)
at testngbasics.BasicTestCase1.verifyTabtitle(BasicTestCase1.java:38)
at java.base/jdk.internal.reflect.DirectMethodHandleAccessor.invoke(DirectMethodHandleAccessor.java:103)
at java.base/java.lang.reflect.Method.invoke(Method.java:580)
at org.testng.internal.invokers.MethodInvocationHelper.invokeMethod(MethodInvocationHelper.java:139)
at org.testng.internal.invokers.TestInvoker.invokeMethod(TestInvoker.java:664)
at org.testng.internal.invokers.TestInvoker.invokeTestMethod(TestInvoker.java:228)
at org.testng.internal.invokers.MethodRunner.runInSequence(MethodRunner.java:63)
at org.testng.internal.invokers.TestInvoker$MethodInvocationAgent.invoke(TestInvoker.java:961)
at org.testng.internal.invokers.TestInvoker.invokeTestMethods(TestInvoker.java:201)
at org.testng.internal.invokers.TestMethodWorker.invokeTestMethods(TestMethodWorker.java:148)
at org.testng.internal.invokers.TestMethodWorker.run(TestMethodWorker.java:128)
at java.base/java.util.concurrent.Executors$RunnableAdapter.call(Executors.java:572)
at java.base/java.util.concurrent.FutureTask.run(FutureTask.java:317)
at org.testng.internal.thread.graph.TestNGFutureTask.run(TestNGFutureTask.java:22)
at java.base/java.util.concurrent.ThreadPoolExecutor.runWorker(ThreadPoolExecutor.java:1144)
at java.base/java.util.concurrent.ThreadPoolExecutor$Worker.run(ThreadPoolExecutor.java:642)
at java.base/java.lang.Thread.run(Thread.java:1570)
]]>
            </full-stacktrace>
          </exception> <!-- java.lang.AssertionError -->
          <reporter-output>
          </reporter-output>
        </test-method> <!-- verifyTabtitle -->
      </class> <!-- testngbasics.BasicTestCase1 -->
      <class name="testngbasics.BasicAnnotations">
        <test-method is-config="true" signature="beforeTest()[pri:0, instance:testngbasics.BasicAnnotations@73eb439a]" started-at="2024-11-08T08:14:48 IST" name="beforeTest" finished-at="2024-11-08T08:14:48 IST" duration-ms="21" status="PASS">
          <reporter-output>
          </reporter-output>
        </test-method> <!-- beforeTest -->
        <test-method is-config="true" signature="beforeClass()[pri:0, instance:testngbasics.BasicAnnotations@73eb439a]" started-at="2024-11-08T08:14:48 IST" name="beforeClass" finished-at="2024-11-08T08:14:48 IST" duration-ms="2" status="PASS">
          <reporter-output>
          </reporter-output>
        </test-method> <!-- beforeClass -->
        <test-method is-config="true" signature="beforeMethod()[pri:0, instance:testngbasics.BasicAnnotations@73eb439a]" started-at="2024-11-08T08:14:48 IST" name="beforeMethod" finished-at="2024-11-08T08:14:48 IST" duration-ms="1" status="PASS">
          <reporter-output>
          </reporter-output>
        </test-method> <!-- beforeMethod -->
        <test-method signature="test1()[pri:0, instance:testngbasics.BasicAnnotations@73eb439a]" started-at="2024-11-08T08:14:48 IST" name="test1" finished-at="2024-11-08T08:14:48 IST" duration-ms="58" status="PASS">
          <reporter-output>
          </reporter-output>
        </test-method> <!-- test1 -->
        <test-method is-config="true" signature="afterMethod()[pri:0, instance:testngbasics.BasicAnnotations@73eb439a]" started-at="2024-11-08T08:14:48 IST" name="afterMethod" finished-at="2024-11-08T08:14:48 IST" duration-ms="1" status="PASS">
          <reporter-output>
          </reporter-output>
        </test-method> <!-- afterMethod -->
        <test-method is-config="true" signature="afterClass()[pri:0, instance:testngbasics.BasicAnnotations@73eb439a]" started-at="2024-11-08T08:14:48 IST" name="afterClass" finished-at="2024-11-08T08:14:48 IST" duration-ms="2" status="PASS">
          <reporter-output>
          </reporter-output>
        </test-method> <!-- afterClass -->
        <test-method is-config="true" signature="afterTest()[pri:0, instance:testngbasics.BasicAnnotations@73eb439a]" started-at="2024-11-08T08:14:55 IST" name="afterTest" finished-at="2024-11-08T08:14:55 IST" duration-ms="1" status="PASS">
          <reporter-output>
          </reporter-output>
        </test-method> <!-- afterTest -->
      </class> <!-- testngbasics.BasicAnnotations -->
    </test> <!-- test1 -->
    <test started-at="2024-11-08T08:14:55 IST" name="test2" finished-at="2024-11-08T08:15:02 IST" duration-ms="6755">
      <class name="testngbasics.CheckTestcase3">
        <test-method is-config="true" signature="launchBrowser()[pri:0, instance:testngbasics.CheckTestcase3@14fc5f04]" started-at="2024-11-08T08:14:55 IST" name="launchBrowser" finished-at="2024-11-08T08:14:59 IST" duration-ms="3615" status="PASS">
          <reporter-output>
          </reporter-output>
        </test-method> <!-- launchBrowser -->
        <test-method signature="displayButton()[pri:0, instance:testngbasics.CheckTestcase3@14fc5f04]" started-at="2024-11-08T08:14:59 IST" name="displayButton" finished-at="2024-11-08T08:14:59 IST" duration-ms="108" status="PASS">
          <reporter-output>
          </reporter-output>
        </test-method> <!-- displayButton -->
        <test-method is-config="true" signature="launchBrowser()[pri:0, instance:testngbasics.CheckTestcase3@14fc5f04]" started-at="2024-11-08T08:14:59 IST" name="launchBrowser" finished-at="2024-11-08T08:15:02 IST" duration-ms="2881" status="PASS">
          <reporter-output>
          </reporter-output>
        </test-method> <!-- launchBrowser -->
        <test-method signature="verifyButtontext()[pri:0, instance:testngbasics.CheckTestcase3@14fc5f04]" started-at="2024-11-08T08:15:02 IST" name="verifyButtontext" finished-at="2024-11-08T08:15:02 IST" depends-on-methods="testngbasics.CheckTestcase3.displayButton" duration-ms="91" status="PASS">
          <reporter-output>
          </reporter-output>
        </test-method> <!-- verifyButtontext -->
      </class> <!-- testngbasics.CheckTestcase3 -->
      <class name="testngbasics.BasicAnnotations">
        <test-method is-config="true" signature="beforeSuite()[pri:0, instance:testngbasics.BasicAnnotations@73eb439a]" started-at="2024-11-08T08:14:48 IST" name="beforeSuite" finished-at="2024-11-08T08:14:48 IST" duration-ms="13" status="PASS">
          <reporter-output>
          </reporter-output>
        </test-method> <!-- beforeSuite -->
        <test-method is-config="true" signature="afterSuite()[pri:0, instance:testngbasics.BasicAnnotations@73eb439a]" started-at="2024-11-08T08:15:02 IST" name="afterSuite" finished-at="2024-11-08T08:15:02 IST" duration-ms="5" status="PASS">
          <reporter-output>
          </reporter-output>
        </test-method> <!-- afterSuite -->
      </class> <!-- testngbasics.BasicAnnotations -->
      <class name="testngbasics.VerifyColour">
        <test-method is-config="true" signature="launchBrowser()[pri:0, instance:testngbasics.VerifyColour@2dfaea86]" started-at="2024-11-08T08:14:55 IST" name="launchBrowser" finished-at="2024-11-08T08:14:59 IST" duration-ms="3994" status="PASS">
          <reporter-output>
          </reporter-output>
        </test-method> <!-- launchBrowser -->
        <test-method signature="verifyButtontext()[pri:0, instance:testngbasics.VerifyColour@2dfaea86]" started-at="2024-11-08T08:14:59 IST" name="verifyButtontext" finished-at="2024-11-08T08:14:59 IST" duration-ms="160" status="FAIL">
          <exception class="java.lang.AssertionError">
            <message>
              <![CDATA[The following asserts failed:
expected [Autoclosable success1] but found [Autoclosable success]]]>
            </message>
            <full-stacktrace>
              <![CDATA[java.lang.AssertionError: The following asserts failed:
expected [Autoclosable success1] but found [Autoclosable success]
at org.testng.asserts.SoftAssert.assertAll(SoftAssert.java:46)
at org.testng.asserts.SoftAssert.assertAll(SoftAssert.java:30)
at testngbasics.VerifyColour.verifyButtontext(VerifyColour.java:56)
at java.base/jdk.internal.reflect.DirectMethodHandleAccessor.invoke(DirectMethodHandleAccessor.java:103)
at java.base/java.lang.reflect.Method.invoke(Method.java:580)
at org.testng.internal.invokers.MethodInvocationHelper.invokeMethod(MethodInvocationHelper.java:139)
at org.testng.internal.invokers.TestInvoker.invokeMethod(TestInvoker.java:664)
at org.testng.internal.invokers.TestInvoker.invokeTestMethod(TestInvoker.java:228)
at org.testng.internal.invokers.MethodRunner.runInSequence(MethodRunner.java:63)
at org.testng.internal.invokers.TestInvoker$MethodInvocationAgent.invoke(TestInvoker.java:961)
at org.testng.internal.invokers.TestInvoker.invokeTestMethods(TestInvoker.java:201)
at org.testng.internal.invokers.TestMethodWorker.invokeTestMethods(TestMethodWorker.java:148)
at org.testng.internal.invokers.TestMethodWorker.run(TestMethodWorker.java:128)
at java.base/java.util.concurrent.Executors$RunnableAdapter.call(Executors.java:572)
at java.base/java.util.concurrent.FutureTask.run(FutureTask.java:317)
at org.testng.internal.thread.graph.TestNGFutureTask.run(TestNGFutureTask.java:22)
at java.base/java.util.concurrent.ThreadPoolExecutor.runWorker(ThreadPoolExecutor.java:1144)
at java.base/java.util.concurrent.ThreadPoolExecutor$Worker.run(ThreadPoolExecutor.java:642)
at java.base/java.lang.Thread.run(Thread.java:1570)
]]>
            </full-stacktrace>
          </exception> <!-- java.lang.AssertionError -->
          <reporter-output>
          </reporter-output>
        </test-method> <!-- verifyButtontext -->
      </class> <!-- testngbasics.VerifyColour -->
    </test> <!-- test2 -->
  </suite> <!-- textngbasic_suite -->
</testng-results>
